2026-02-02 21:36:13 [main] INFO  testCases.TC_002_HomeLoan - Browser launched
2026-02-02 21:36:13 [main] INFO  testCases.TC_002_HomeLoan - Extent report initialized
2026-02-02 21:36:13 [main] INFO  testCases.TC_002_HomeLoan - ****** Started TC_002_HomeLoan ******
2026-02-02 21:36:13 [main] INFO  testCases.TC_002_HomeLoan - Opening Home Loan EMI Calculator
2026-02-02 21:36:19 [main] INFO  testCases.TC_002_HomeLoan - Entering Home Loan Details till Date Picker
2026-02-02 21:36:24 [main] INFO  testCases.TC_002_HomeLoan - Capturing Screenshot and Extracting Year Wise Table Data
2026-02-02 21:36:30 [main] INFO  testCases.TC_002_HomeLoan - Writing Year Wise Table Data to Excel
2026-02-02 21:36:39 [main] INFO  testCases.TC_002_HomeLoan - **** Finished Test Case TC_002_HomeLoan ****
2026-02-02 21:36:39 [main] INFO  testCases.TC_002_HomeLoan - ====Test Suite Ended====
2026-02-02 21:36:44 [main] INFO  testCases.TC_003_EmiCalculatorValidation - ====Test Suite Started====
2026-02-02 21:36:44 [main] INFO  Listeners.DriverFactory - Initializing Chrome Driver
2026-02-02 21:36:47 [main] INFO  Listeners.DriverFactory - Navigating to EMI Calculator Website
2026-02-02 21:36:54 [main] INFO  testCases.TC_003_EmiCalculatorValidation - Browser launched
2026-02-02 21:36:54 [main] INFO  testCases.TC_003_EmiCalculatorValidation - Extent report initialized
2026-02-02 21:36:54 [main] INFO  testCases.TC_003_EmiCalculatorValidation - ****** Started TC_003_EmiCalculator Tab ******
2026-02-02 21:36:54 [main] INFO  testCases.TC_003_EmiCalculatorValidation - Validating Loan Amount Slider
2026-02-02 21:37:01 [main] INFO  testCases.TC_003_EmiCalculatorValidation - Validating Interest Rate Slider
2026-02-02 21:37:02 [main] INFO  testCases.TC_003_EmiCalculatorValidation - Validatig Loan Tenure Slider
2026-02-02 21:37:03 [main] INFO  testCases.TC_003_EmiCalculatorValidation - Validating Loan Fee Slider
2026-02-02 21:37:03 [main] INFO  testCases.TC_003_EmiCalculatorValidation - ****** Completed TC_003_EmiCalculator Tab ******
2026-02-02 21:37:03 [main] INFO  testCases.TC_003_EmiCalculatorValidation - ====Test Suite Ended====
2026-02-02 21:37:08 [main] INFO  testCases.TC_004_LoanAmountCalculator - ====Test Suite Started====
2026-02-02 21:37:08 [main] INFO  Listeners.DriverFactory - Initializing Chrome Driver
2026-02-02 21:37:10 [main] INFO  Listeners.DriverFactory - Navigating to EMI Calculator Website
2026-02-02 21:37:17 [main] INFO  testCases.TC_004_LoanAmountCalculator - Browser launched
2026-02-02 21:37:17 [main] INFO  testCases.TC_004_LoanAmountCalculator - Extent report initialized
2026-02-02 21:37:17 [main] INFO  testCases.TC_004_LoanAmountCalculator - ****** Started TC_004_LoanCalculator Tab ******
2026-02-02 21:37:17 [main] INFO  testCases.TC_004_LoanAmountCalculator - Validating Loan Amount Slider
2026-02-02 21:37:26 [main] INFO  testCases.TC_004_LoanAmountCalculator - ====Test Suite Ended====
2026-02-02 21:39:15 [main] INFO  testCases.TC_004_LoanAmountCalculator - ====Test Suite Started====
2026-02-02 21:39:15 [main] INFO  Listeners.DriverFactory - Initializing Chrome Driver
2026-02-02 21:39:18 [main] INFO  Listeners.DriverFactory - Navigating to EMI Calculator Website
2026-02-02 21:39:25 [main] INFO  testCases.TC_004_LoanAmountCalculator - Browser launched
2026-02-02 21:39:26 [main] INFO  testCases.TC_004_LoanAmountCalculator - Extent report initialized
2026-02-02 21:39:26 [main] INFO  testCases.TC_004_LoanAmountCalculator - ****** Started TC_004_LoanCalculator Tab ******
2026-02-02 21:39:26 [main] INFO  testCases.TC_004_LoanAmountCalculator - Validating Loan Amount Slider
2026-02-02 21:39:33 [main] INFO  testCases.TC_004_LoanAmountCalculator - Validating Interest Rate Slider
2026-02-02 21:39:34 [main] INFO  testCases.TC_004_LoanAmountCalculator - Validatig Loan Tenure Slider
2026-02-02 21:39:34 [main] INFO  testCases.TC_004_LoanAmountCalculator - Validating Loan Fee Slider
2026-02-02 21:39:35 [main] INFO  testCases.TC_004_LoanAmountCalculator - ****** Completed TC_003_EmiCalculator Tab ******
2026-02-02 21:39:35 [main] INFO  testCases.TC_004_LoanAmountCalculator - ====Test Suite Ended====
2026-02-02 21:42:21 [main] INFO  testCases.TC_002_HomeLoan - ====Test Suite Started====
2026-02-02 21:42:21 [main] INFO  Listeners.DriverFactory - Initializing Chrome Driver
2026-02-02 21:42:25 [main] INFO  Listeners.DriverFactory - Navigating to EMI Calculator Website
2026-02-02 21:42:32 [main] INFO  testCases.TC_002_HomeLoan - Browser launched
2026-02-02 21:42:33 [main] INFO  testCases.TC_002_HomeLoan - Extent report initialized
2026-02-02 21:42:33 [main] INFO  testCases.TC_002_HomeLoan - ****** Started TC_002_HomeLoan ******
2026-02-02 21:42:33 [main] INFO  testCases.TC_002_HomeLoan - Opening Home Loan EMI Calculator
2026-02-02 21:42:39 [main] INFO  testCases.TC_002_HomeLoan - Entering Home Loan Details till Date Picker
2026-02-02 21:42:44 [main] INFO  testCases.TC_002_HomeLoan - Capturing Screenshot and Extracting Year Wise Table Data
2026-02-02 21:42:50 [main] INFO  testCases.TC_002_HomeLoan - Writing Year Wise Table Data to Excel
2026-02-02 21:43:02 [main] INFO  testCases.TC_002_HomeLoan - **** Finished Test Case TC_002_HomeLoan ****
2026-02-02 21:43:02 [main] INFO  testCases.TC_002_HomeLoan - ====Test Suite Ended====
2026-02-02 21:49:45 [main] INFO  testCases.TC_002_HomeLoan - ====Test Suite Started====
2026-02-02 21:49:45 [main] INFO  Listeners.DriverFactory - Initializing Chrome Driver
2026-02-02 21:49:48 [main] INFO  Listeners.DriverFactory - Navigating to EMI Calculator Website
2026-02-02 21:49:56 [main] INFO  testCases.TC_002_HomeLoan - Browser launched
2026-02-02 21:49:57 [main] INFO  testCases.TC_002_HomeLoan - Extent report initialized
2026-02-02 21:49:57 [main] INFO  testCases.TC_002_HomeLoan - ****** Started TC_002_HomeLoan ******
2026-02-02 21:49:57 [main] INFO  testCases.TC_002_HomeLoan - Opening Home Loan EMI Calculator
2026-02-02 21:50:02 [main] INFO  testCases.TC_002_HomeLoan - Entering Home Loan Details till Date Picker
2026-02-02 21:50:08 [main] INFO  testCases.TC_002_HomeLoan - Capturing Screenshot and Extracting Year Wise Table Data
2026-02-02 21:50:12 [main] INFO  testCases.TC_002_HomeLoan - Writing Year Wise Table Data to Excel
2026-02-02 21:50:22 [main] INFO  testCases.TC_002_HomeLoan - **** Finished Test Case TC_002_HomeLoan ****
2026-02-02 21:50:22 [main] INFO  testCases.TC_002_HomeLoan - ====Test Suite Ended====
2026-02-02 22:16:48 [main] INFO  testCases.TC_001_CarLoan - ====Test Suite Started====
2026-02-02 22:16:48 [main] INFO  Listeners.DriverFactory - Initializing Chrome Driver
2026-02-02 22:16:50 [main] INFO  Listeners.DriverFactory - Navigating to EMI Calculator Website
2026-02-02 22:16:58 [main] INFO  testCases.TC_001_CarLoan - Browser launched
2026-02-02 22:16:58 [main] INFO  testCases.TC_001_CarLoan - Extent report initialized
2026-02-02 22:16:58 [main] INFO  testCases.TC_001_CarLoan - ****** Started TC_001_CarLoan ******
