2026-01-29 10:58:24 [main] INFO  testCases.TC_001_CarLoan - ****** Started TC_001_CarLoan ******
2026-01-29 10:58:24 [main] INFO  testCases.TC_001_CarLoan - Selecting Car Loan Tab
2026-01-29 10:58:24 [main] INFO  testCases.TC_001_CarLoan - Entering Car Loan Details
2026-01-29 10:58:25 [main] INFO  testCases.TC_001_CarLoan - Printing Car Loan Results into Console
2026-01-29 10:58:28 [main] INFO  testCases.TC_001_CarLoan - ***** * Finished Test Case TC_001_CarLoan ******
2026-01-29 10:58:28 [main] INFO  testCases.TC_001_CarLoan - ****** Started TC_002_HomeLoan ******
2026-01-29 10:58:28 [main] INFO  testCases.TC_001_CarLoan - Opening Home Loan EMI Calculator
2026-01-29 10:58:33 [main] INFO  testCases.TC_001_CarLoan - Entering Home Loan Details till Date Picker
2026-01-29 10:58:36 [main] INFO  testCases.TC_001_CarLoan - Capturing Screenshot and Extracting Year Wise Table Data
2026-01-29 10:58:42 [main] INFO  testCases.TC_001_CarLoan - Writing Year Wise Table Data to Excel
2026-01-29 10:58:45 [main] INFO  testCases.TC_001_CarLoan - **** Finished Test Case TC_002_HomeLoan ****
2026-01-29 10:58:45 [main] INFO  testCases.TC_001_CarLoan - ====Test Suite Ended====
2026-01-29 11:00:02 [main] INFO  testCases.TC_001_CarLoan - ====Test Suite Started====
2026-01-29 11:00:02 [main] INFO  Listeners.DriverFactory - Initializing Chrome Driver
2026-01-29 11:00:04 [main] INFO  Listeners.DriverFactory - Navigating to EMI Calculator Website
2026-01-29 11:00:09 [main] INFO  testCases.TC_001_CarLoan - Browser launched
2026-01-29 11:00:10 [main] INFO  testCases.TC_001_CarLoan - Extent report initialized
2026-01-29 11:00:10 [main] INFO  testCases.TC_001_CarLoan - ****** Started TC_001_CarLoan ******
2026-01-29 11:00:10 [main] INFO  testCases.TC_001_CarLoan - Selecting Car Loan Tab
2026-01-29 11:00:10 [main] INFO  testCases.TC_001_CarLoan - Entering Car Loan Details
2026-01-29 11:00:11 [main] INFO  testCases.TC_001_CarLoan - Printing Car Loan Results into Console
2026-01-29 11:00:14 [main] INFO  testCases.TC_001_CarLoan - ***** * Finished Test Case TC_001_CarLoan ******
2026-01-29 11:00:15 [main] INFO  testCases.TC_001_CarLoan - ====Test Suite Ended====
2026-01-29 11:01:25 [main] INFO  testCases.TC_001_CarLoan - ====Test Suite Started====
2026-01-29 11:01:25 [main] INFO  Listeners.DriverFactory - Initializing Chrome Driver
2026-01-29 11:01:28 [main] INFO  Listeners.DriverFactory - Navigating to EMI Calculator Website
2026-01-29 11:01:33 [main] INFO  testCases.TC_001_CarLoan - Browser launched
2026-01-29 11:01:33 [main] INFO  testCases.TC_001_CarLoan - Extent report initialized
2026-01-29 11:01:33 [main] INFO  testCases.TC_001_CarLoan - ****** Started TC_001_CarLoan ******
2026-01-29 11:01:33 [main] INFO  testCases.TC_001_CarLoan - Selecting Car Loan Tab
2026-01-29 11:01:33 [main] INFO  testCases.TC_001_CarLoan - Entering Car Loan Details
2026-01-29 11:01:35 [main] INFO  testCases.TC_001_CarLoan - Printing Car Loan Results into Console
2026-01-29 11:01:35 [main] INFO  testCases.TC_001_CarLoan - ****** Started TC_002_HomeLoan ******
2026-01-29 11:01:35 [main] INFO  testCases.TC_001_CarLoan - Opening Home Loan EMI Calculator
2026-01-29 11:01:39 [main] INFO  testCases.TC_001_CarLoan - Entering Home Loan Details till Date Picker
2026-01-29 11:01:43 [main] INFO  testCases.TC_001_CarLoan - Capturing Screenshot and Extracting Year Wise Table Data
2026-01-29 11:01:49 [main] INFO  testCases.TC_001_CarLoan - Writing Year Wise Table Data to Excel
2026-01-29 11:01:51 [main] INFO  testCases.TC_001_CarLoan - **** Finished Test Case TC_002_HomeLoan ****
2026-01-29 11:01:52 [main] INFO  testCases.TC_001_CarLoan - ====Test Suite Ended====
2026-01-29 11:06:57 [main] INFO  testCases.TC_001_CarLoan - ====Test Suite Started====
2026-01-29 11:06:57 [main] INFO  Listeners.DriverFactory - Initializing Chrome Driver
2026-01-29 11:07:01 [main] INFO  Listeners.DriverFactory - Navigating to EMI Calculator Website
2026-01-29 11:07:05 [main] INFO  testCases.TC_001_CarLoan - Browser launched
2026-01-29 11:07:06 [main] INFO  testCases.TC_001_CarLoan - Extent report initialized
2026-01-29 11:07:06 [main] INFO  testCases.TC_001_CarLoan - ****** Started TC_001_CarLoan ******
2026-01-29 11:07:06 [main] INFO  testCases.TC_001_CarLoan - Selecting Car Loan Tab
2026-01-29 11:07:06 [main] INFO  testCases.TC_001_CarLoan - Entering Car Loan Details
2026-01-29 11:07:07 [main] INFO  testCases.TC_001_CarLoan - Printing Car Loan Results into Console
2026-01-29 11:07:07 [main] INFO  testCases.TC_001_CarLoan - ****** Started TC_002_HomeLoan ******
2026-01-29 11:07:07 [main] INFO  testCases.TC_001_CarLoan - Opening Home Loan EMI Calculator
2026-01-29 11:07:12 [main] INFO  testCases.TC_001_CarLoan - Entering Home Loan Details till Date Picker
2026-01-29 11:07:14 [main] INFO  testCases.TC_001_CarLoan - Capturing Screenshot and Extracting Year Wise Table Data
2026-01-29 11:07:21 [main] INFO  testCases.TC_001_CarLoan - Writing Year Wise Table Data to Excel
2026-01-29 11:07:24 [main] INFO  testCases.TC_001_CarLoan - **** Finished Test Case TC_002_HomeLoan ****
2026-01-29 11:07:24 [main] INFO  testCases.TC_001_CarLoan - ====Test Suite Ended====
2026-01-30 15:24:03 [main] INFO  testCases.TC_001_CarLoan - ====Test Suite Started====
2026-01-30 15:24:03 [main] INFO  Listeners.DriverFactory - Initializing Chrome Driver
2026-01-30 15:24:09 [main] INFO  Listeners.DriverFactory - Navigating to EMI Calculator Website
2026-01-30 15:24:15 [main] INFO  testCases.TC_001_CarLoan - Browser launched
2026-01-30 15:24:15 [main] INFO  testCases.TC_001_CarLoan - Extent report initialized
2026-01-30 15:24:15 [main] INFO  testCases.TC_001_CarLoan - ****** Started TC_001_CarLoan ******
2026-01-30 15:24:15 [main] INFO  testCases.TC_001_CarLoan - Selecting Car Loan Tab
2026-01-30 15:24:16 [main] INFO  testCases.TC_001_CarLoan - Entering Car Loan Details
2026-01-30 15:24:17 [main] INFO  testCases.TC_001_CarLoan - Printing Car Loan Results into Console
2026-01-30 15:24:20 [main] INFO  testCases.TC_001_CarLoan - ***** * Finished Test Case TC_001_CarLoan ******
2026-01-30 15:24:20 [main] INFO  testCases.TC_001_CarLoan - ****** Started TC_002_HomeLoan ******
2026-01-30 15:24:20 [main] INFO  testCases.TC_001_CarLoan - Opening Home Loan EMI Calculator
2026-01-30 15:24:25 [main] INFO  testCases.TC_001_CarLoan - Entering Home Loan Details till Date Picker
2026-01-30 15:24:27 [main] INFO  testCases.TC_001_CarLoan - Capturing Screenshot and Extracting Year Wise Table Data
2026-01-30 15:24:33 [main] INFO  testCases.TC_001_CarLoan - Writing Year Wise Table Data to Excel
2026-01-30 15:24:37 [main] INFO  testCases.TC_001_CarLoan - **** Finished Test Case TC_002_HomeLoan ****
2026-01-30 15:24:37 [main] INFO  testCases.TC_001_CarLoan - ====Test Suite Ended====
2026-01-30 15:25:51 [main] INFO  testCases.TC_001_CarLoan - ====Test Suite Started====
2026-01-30 15:25:51 [main] INFO  Listeners.DriverFactory - Initializing Chrome Driver
